<?xml version="1.0" encoding="UTF-8"?>
<coverage generated="1694858458194" clover="3.2.0">
  <project timestamp="1694858458194" name="All files">
    <metrics statements="6" coveredstatements="6" conditionals="0" coveredconditionals="0" methods="3" coveredmethods="3" elements="9" coveredelements="9" complexity="0" loc="6" ncloc="6" packages="2" files="3" classes="3"/>
    <package name="components">
      <metrics statements="4" coveredstatements="4" conditionals="0" coveredconditionals="0" methods="2" coveredmethods="2"/>
      <file name="Footer.js" path="/Users/neeraj/www/namaste-react/src/components/Footer.js">
        <metrics statements="2" coveredstatements="2" conditionals="0" coveredconditionals="0" methods="1" coveredmethods="1"/>
        <line num="1" count="1" type="stmt"/>
        <line num="2" count="2" type="stmt"/>
      </file>
      <file name="sum.js" path="/Users/neeraj/www/namaste-react/src/components/sum.js">
        <metrics statements="2" coveredstatements="2" conditionals="0" coveredconditionals="0" methods="1" coveredmethods="1"/>
        <line num="1" count="1" type="stmt"/>
        <line num="2" count="1" type="stmt"/>
      </file>
    </package>
    <package name="components.pages">
      <metrics statements="2" coveredstatements="2" conditionals="0" coveredconditionals="0" methods="1" coveredmethods="1"/>
      <file name="ContactUs.js" path="/Users/neeraj/www/namaste-react/src/components/pages/ContactUs.js">
        <metrics statements="2" coveredstatements="2" conditionals="0" coveredconditionals="0" methods="1" coveredmethods="1"/>
        <line num="1" count="1" type="stmt"/>
        <line num="2" count="2" type="stmt"/>
      </file>
    </package>
  </project>
</coverage>
